android/build/intermediates/manifest_merge_blame_file/debug/manifest-merger-blame-debug-report.txt
1<?xml version="1.0" encoding="utf-8"?>
2<manifest xmlns:android="http://schemas.android.com/apk/res/android"
3    package="com.mygdx.game"
4    android:versionCode="1"
5    android:versionName="1.0" >
6
7    <uses-sdk
8        android:minSdkVersion="14"
8-->test\android\AndroidManifest.xml
9        android:targetSdkVersion="30" />
9-->test\android\AndroidManifest.xml
10
11    <uses-permission android:name="android.permission.VIBRATE" />
11-->test\android\AndroidManifest.xml:5:5-65
11-->test\android\AndroidManifest.xml:5:22-63
12
13    <uses-feature
13-->test\android\AndroidManifest.xml:6:5-78
14        android:glEsVersion="0x00020000"
14-->test\android\AndroidManifest.xml:6:19-51
15        android:required="true" />
15-->test\android\AndroidManifest.xml:6:52-75
16
17    <application
17-->test\android\AndroidManifest.xml:8:5-27:19
18        android:allowBackup="true"
18-->test\android\AndroidManifest.xml:9:9-35
19        android:appCategory="game"
19-->test\android\AndroidManifest.xml:13:9-35
20        android:debuggable="true"
21        android:fullBackupContent="true"
21-->test\android\AndroidManifest.xml:10:9-41
22        android:icon="@mipmap/icocor_launcherfondo"
22-->test\android\AndroidManifest.xml:11:9-52
23        android:isGame="true"
23-->test\android\AndroidManifest.xml:12:9-30
24        android:label="@string/app_name"
24-->test\android\AndroidManifest.xml:14:9-41
25        android:testOnly="true" >
26        <activity
26-->test\android\AndroidManifest.xml:16:9-26:20
27            android:name="com.mygdx.game.AndroidLauncher"
27-->test\android\AndroidManifest.xml:17:13-58
28            android:configChanges="keyboard|keyboardHidden|navigation|orientation|screenSize|screenLayout"
28-->test\android\AndroidManifest.xml:20:13-107
29            android:exported="true"
29-->test\android\AndroidManifest.xml:21:13-36
30            android:label="@string/app_name"
30-->test\android\AndroidManifest.xml:18:13-45
31            android:screenOrientation="landscape" >
31-->test\android\AndroidManifest.xml:19:13-50
32            <intent-filter>
32-->test\android\AndroidManifest.xml:22:13-25:29
33                <action android:name="android.intent.action.MAIN" />
33-->test\android\AndroidManifest.xml:23:17-69
33-->test\android\AndroidManifest.xml:23:25-66
34
35                <category android:name="android.intent.category.LAUNCHER" />
35-->test\android\AndroidManifest.xml:24:17-77
35-->test\android\AndroidManifest.xml:24:27-74
36            </intent-filter>
37        </activity>
38    </application>
39
40</manifest>